<?xml version="1.0" encoding="UTF-8"?>
<testng-results skipped="0" failed="0" ignored="0" total="1" passed="1">
  <reporter-output>
  </reporter-output>
  <suite name="test suite" duration-ms="9553" started-at="2018-06-02T12:10:29Z" finished-at="2018-06-02T12:10:39Z">
    <groups>
    </groups>
    <test name="sample test" duration-ms="9553" started-at="2018-06-02T12:10:29Z" finished-at="2018-06-02T12:10:39Z">
      <class name="browserPack.LaunchBrowser">
        <test-method status="PASS" signature="launchCheck()[pri:0, instance:browserPack.LaunchBrowser@224edc67]" name="launchCheck" duration-ms="9522" started-at="2018-06-02T12:10:29Z" finished-at="2018-06-02T12:10:39Z">
          <reporter-output>
          </reporter-output>
        </test-method> <!-- launchCheck -->
      </class> <!-- browserPack.LaunchBrowser -->
    </test> <!-- sample test -->
  </suite> <!-- test suite -->
</testng-results>
